<?xml version="1.0" encoding="UTF-8"?>
<testsuite xmlns:xsi="http://www.w3.org/2001/XMLSchema-instance" xsi:noNamespaceSchemaLocation="https://maven.apache.org/surefire/maven-surefire-plugin/xsd/surefire-test-report.xsd" name="com.webdev.dao.CustomerDaoTest" time="2.125" tests="5" errors="0" skipped="0" failures="0">
  <properties>
    <property name="gopherProxySet" value="false"/>
    <property name="awt.toolkit" value="sun.lwawt.macosx.LWCToolkit"/>
    <property name="file.encoding.pkg" value="sun.io"/>
    <property name="java.specification.version" value="1.8"/>
    <property name="sun.cpu.isalist" value=""/>
    <property name="sun.jnu.encoding" value="UTF-8"/>
    <property name="java.class.path" value="/Users/qianggao/Desktop/hibernate/target/test-classes:/Users/qianggao/Desktop/hibernate/target/classes:/Users/qianggao/.m2/repository/org/junit/jupiter/junit-jupiter-api/5.8.2/junit-jupiter-api-5.8.2.jar:/Users/qianggao/.m2/repository/org/opentest4j/opentest4j/1.2.0/opentest4j-1.2.0.jar:/Users/qianggao/.m2/repository/org/junit/platform/junit-platform-commons/1.8.2/junit-platform-commons-1.8.2.jar:/Users/qianggao/.m2/repository/org/apiguardian/apiguardian-api/1.1.2/apiguardian-api-1.1.2.jar:/Users/qianggao/.m2/repository/org/junit/jupiter/junit-jupiter-engine/5.8.2/junit-jupiter-engine-5.8.2.jar:/Users/qianggao/.m2/repository/org/junit/platform/junit-platform-engine/1.8.2/junit-platform-engine-1.8.2.jar:/Users/qianggao/.m2/repository/org/mockito/mockito-junit-jupiter/4.4.0/mockito-junit-jupiter-4.4.0.jar:/Users/qianggao/.m2/repository/org/mockito/mockito-core/4.4.0/mockito-core-4.4.0.jar:/Users/qianggao/.m2/repository/net/bytebuddy/byte-buddy-agent/1.12.8/byte-buddy-agent-1.12.8.jar:/Users/qianggao/.m2/repository/org/objenesis/objenesis/3.2/objenesis-3.2.jar:/Users/qianggao/.m2/repository/org/postgresql/postgresql/42.3.5/postgresql-42.3.5.jar:/Users/qianggao/.m2/repository/org/checkerframework/checker-qual/3.5.0/checker-qual-3.5.0.jar:/Users/qianggao/.m2/repository/org/hibernate/hibernate-core/5.6.8.Final/hibernate-core-5.6.8.Final.jar:/Users/qianggao/.m2/repository/org/jboss/logging/jboss-logging/3.4.3.Final/jboss-logging-3.4.3.Final.jar:/Users/qianggao/.m2/repository/javax/persistence/javax.persistence-api/2.2/javax.persistence-api-2.2.jar:/Users/qianggao/.m2/repository/net/bytebuddy/byte-buddy/1.12.9/byte-buddy-1.12.9.jar:/Users/qianggao/.m2/repository/antlr/antlr/2.7.7/antlr-2.7.7.jar:/Users/qianggao/.m2/repository/org/jboss/spec/javax/transaction/jboss-transaction-api_1.2_spec/1.1.1.Final/jboss-transaction-api_1.2_spec-1.1.1.Final.jar:/Users/qianggao/.m2/repository/org/jboss/jandex/2.4.2.Final/jandex-2.4.2.Final.jar:/Users/qianggao/.m2/repository/com/fasterxml/classmate/1.5.1/classmate-1.5.1.jar:/Users/qianggao/.m2/repository/javax/activation/javax.activation-api/1.2.0/javax.activation-api-1.2.0.jar:/Users/qianggao/.m2/repository/org/hibernate/common/hibernate-commons-annotations/5.1.2.Final/hibernate-commons-annotations-5.1.2.Final.jar:/Users/qianggao/.m2/repository/javax/xml/bind/jaxb-api/2.3.1/jaxb-api-2.3.1.jar:/Users/qianggao/.m2/repository/org/glassfish/jaxb/jaxb-runtime/2.3.1/jaxb-runtime-2.3.1.jar:/Users/qianggao/.m2/repository/org/glassfish/jaxb/txw2/2.3.1/txw2-2.3.1.jar:/Users/qianggao/.m2/repository/com/sun/istack/istack-commons-runtime/3.0.7/istack-commons-runtime-3.0.7.jar:/Users/qianggao/.m2/repository/org/jvnet/staxex/stax-ex/1.8/stax-ex-1.8.jar:/Users/qianggao/.m2/repository/com/sun/xml/fastinfoset/FastInfoset/1.2.15/FastInfoset-1.2.15.jar:/Users/qianggao/.m2/repository/com/h2database/h2/2.1.212/h2-2.1.212.jar:/Users/qianggao/.m2/repository/org/hibernate/hibernate-testing/5.6.8.Final/hibernate-testing-5.6.8.Final.jar:/Users/qianggao/.m2/repository/junit/junit/4.13.2/junit-4.13.2.jar:/Users/qianggao/.m2/repository/org/hamcrest/hamcrest-core/1.3/hamcrest-core-1.3.jar:/Users/qianggao/.m2/repository/org/junit/jupiter/junit-jupiter-params/5.8.2/junit-jupiter-params-5.8.2.jar:/Users/qianggao/.m2/repository/org/assertj/assertj-core/3.14.0/assertj-core-3.14.0.jar:/Users/qianggao/.m2/repository/org/apache/logging/log4j/log4j-core/2.17.1/log4j-core-2.17.1.jar:/Users/qianggao/.m2/repository/org/apache/logging/log4j/log4j-api/2.17.1/log4j-api-2.17.1.jar:/Users/qianggao/.m2/repository/javax/money/money-api/1.0.1/money-api-1.0.1.jar:/Users/qianggao/.m2/repository/org/javamoney/moneta/1.1/moneta-1.1.jar:/Users/qianggao/.m2/repository/javax/annotation/javax.annotation-api/1.2/javax.annotation-api-1.2.jar:/Users/qianggao/.m2/repository/org/jboss/byteman/byteman/4.0.16/byteman-4.0.16.jar:/Users/qianggao/.m2/repository/org/jboss/byteman/byteman-install/4.0.16/byteman-install-4.0.16.jar:/Users/qianggao/Library/Java/JavaVirtualMachines/temurin-1.8.0_322/Contents/Home/jre/../lib/tools.jar:/Users/qianggao/.m2/repository/org/jboss/byteman/byteman-bmunit/4.0.16/byteman-bmunit-4.0.16.jar:/Users/qianggao/.m2/repository/org/jboss/byteman/byteman-submit/4.0.16/byteman-submit-4.0.16.jar:/Users/qianggao/.m2/repository/com/experlog/xapool/1.5.0/xapool-1.5.0.jar:/Users/qianggao/.m2/repository/org/jboss/jboss-transaction-spi/7.6.1.Final/jboss-transaction-spi-7.6.1.Final.jar:/Users/qianggao/.m2/repository/org/jboss/narayana/jta/narayana-jta/5.11.2.Final/narayana-jta-5.11.2.Final.jar:"/>
    <property name="java.vm.vendor" value="Temurin"/>
    <property name="sun.arch.data.model" value="64"/>
    <property name="java.vendor.url" value="https://adoptium.net/"/>
    <property name="user.timezone" value=""/>
    <property name="java.vm.specification.version" value="1.8"/>
    <property name="os.name" value="Mac OS X"/>
    <property name="user.country" value="US"/>
    <property name="sun.java.launcher" value="SUN_STANDARD"/>
    <property name="sun.boot.library.path" value="/Users/qianggao/Library/Java/JavaVirtualMachines/temurin-1.8.0_322/Contents/Home/jre/lib"/>
    <property name="sun.java.command" value="/Users/qianggao/Desktop/hibernate/target/surefire/surefirebooter676896767055875889.jar /Users/qianggao/Desktop/hibernate/target/surefire 2022-05-12T19-21-10_819-jvmRun1 surefire689873681307685151tmp surefire_08464384577092541957tmp"/>
    <property name="http.nonProxyHosts" value="local|*.local|169.254/16|*.169.254/16"/>
    <property name="surefire.test.class.path" value="/Users/qianggao/Desktop/hibernate/target/test-classes:/Users/qianggao/Desktop/hibernate/target/classes:/Users/qianggao/.m2/repository/org/junit/jupiter/junit-jupiter-api/5.8.2/junit-jupiter-api-5.8.2.jar:/Users/qianggao/.m2/repository/org/opentest4j/opentest4j/1.2.0/opentest4j-1.2.0.jar:/Users/qianggao/.m2/repository/org/junit/platform/junit-platform-commons/1.8.2/junit-platform-commons-1.8.2.jar:/Users/qianggao/.m2/repository/org/apiguardian/apiguardian-api/1.1.2/apiguardian-api-1.1.2.jar:/Users/qianggao/.m2/repository/org/junit/jupiter/junit-jupiter-engine/5.8.2/junit-jupiter-engine-5.8.2.jar:/Users/qianggao/.m2/repository/org/junit/platform/junit-platform-engine/1.8.2/junit-platform-engine-1.8.2.jar:/Users/qianggao/.m2/repository/org/mockito/mockito-junit-jupiter/4.4.0/mockito-junit-jupiter-4.4.0.jar:/Users/qianggao/.m2/repository/org/mockito/mockito-core/4.4.0/mockito-core-4.4.0.jar:/Users/qianggao/.m2/repository/net/bytebuddy/byte-buddy-agent/1.12.8/byte-buddy-agent-1.12.8.jar:/Users/qianggao/.m2/repository/org/objenesis/objenesis/3.2/objenesis-3.2.jar:/Users/qianggao/.m2/repository/org/postgresql/postgresql/42.3.5/postgresql-42.3.5.jar:/Users/qianggao/.m2/repository/org/checkerframework/checker-qual/3.5.0/checker-qual-3.5.0.jar:/Users/qianggao/.m2/repository/org/hibernate/hibernate-core/5.6.8.Final/hibernate-core-5.6.8.Final.jar:/Users/qianggao/.m2/repository/org/jboss/logging/jboss-logging/3.4.3.Final/jboss-logging-3.4.3.Final.jar:/Users/qianggao/.m2/repository/javax/persistence/javax.persistence-api/2.2/javax.persistence-api-2.2.jar:/Users/qianggao/.m2/repository/net/bytebuddy/byte-buddy/1.12.9/byte-buddy-1.12.9.jar:/Users/qianggao/.m2/repository/antlr/antlr/2.7.7/antlr-2.7.7.jar:/Users/qianggao/.m2/repository/org/jboss/spec/javax/transaction/jboss-transaction-api_1.2_spec/1.1.1.Final/jboss-transaction-api_1.2_spec-1.1.1.Final.jar:/Users/qianggao/.m2/repository/org/jboss/jandex/2.4.2.Final/jandex-2.4.2.Final.jar:/Users/qianggao/.m2/repository/com/fasterxml/classmate/1.5.1/classmate-1.5.1.jar:/Users/qianggao/.m2/repository/javax/activation/javax.activation-api/1.2.0/javax.activation-api-1.2.0.jar:/Users/qianggao/.m2/repository/org/hibernate/common/hibernate-commons-annotations/5.1.2.Final/hibernate-commons-annotations-5.1.2.Final.jar:/Users/qianggao/.m2/repository/javax/xml/bind/jaxb-api/2.3.1/jaxb-api-2.3.1.jar:/Users/qianggao/.m2/repository/org/glassfish/jaxb/jaxb-runtime/2.3.1/jaxb-runtime-2.3.1.jar:/Users/qianggao/.m2/repository/org/glassfish/jaxb/txw2/2.3.1/txw2-2.3.1.jar:/Users/qianggao/.m2/repository/com/sun/istack/istack-commons-runtime/3.0.7/istack-commons-runtime-3.0.7.jar:/Users/qianggao/.m2/repository/org/jvnet/staxex/stax-ex/1.8/stax-ex-1.8.jar:/Users/qianggao/.m2/repository/com/sun/xml/fastinfoset/FastInfoset/1.2.15/FastInfoset-1.2.15.jar:/Users/qianggao/.m2/repository/com/h2database/h2/2.1.212/h2-2.1.212.jar:/Users/qianggao/.m2/repository/org/hibernate/hibernate-testing/5.6.8.Final/hibernate-testing-5.6.8.Final.jar:/Users/qianggao/.m2/repository/junit/junit/4.13.2/junit-4.13.2.jar:/Users/qianggao/.m2/repository/org/hamcrest/hamcrest-core/1.3/hamcrest-core-1.3.jar:/Users/qianggao/.m2/repository/org/junit/jupiter/junit-jupiter-params/5.8.2/junit-jupiter-params-5.8.2.jar:/Users/qianggao/.m2/repository/org/assertj/assertj-core/3.14.0/assertj-core-3.14.0.jar:/Users/qianggao/.m2/repository/org/apache/logging/log4j/log4j-core/2.17.1/log4j-core-2.17.1.jar:/Users/qianggao/.m2/repository/org/apache/logging/log4j/log4j-api/2.17.1/log4j-api-2.17.1.jar:/Users/qianggao/.m2/repository/javax/money/money-api/1.0.1/money-api-1.0.1.jar:/Users/qianggao/.m2/repository/org/javamoney/moneta/1.1/moneta-1.1.jar:/Users/qianggao/.m2/repository/javax/annotation/javax.annotation-api/1.2/javax.annotation-api-1.2.jar:/Users/qianggao/.m2/repository/org/jboss/byteman/byteman/4.0.16/byteman-4.0.16.jar:/Users/qianggao/.m2/repository/org/jboss/byteman/byteman-install/4.0.16/byteman-install-4.0.16.jar:/Users/qianggao/Library/Java/JavaVirtualMachines/temurin-1.8.0_322/Contents/Home/jre/../lib/tools.jar:/Users/qianggao/.m2/repository/org/jboss/byteman/byteman-bmunit/4.0.16/byteman-bmunit-4.0.16.jar:/Users/qianggao/.m2/repository/org/jboss/byteman/byteman-submit/4.0.16/byteman-submit-4.0.16.jar:/Users/qianggao/.m2/repository/com/experlog/xapool/1.5.0/xapool-1.5.0.jar:/Users/qianggao/.m2/repository/org/jboss/jboss-transaction-spi/7.6.1.Final/jboss-transaction-spi-7.6.1.Final.jar:/Users/qianggao/.m2/repository/org/jboss/narayana/jta/narayana-jta/5.11.2.Final/narayana-jta-5.11.2.Final.jar:"/>
    <property name="sun.cpu.endian" value="little"/>
    <property name="user.home" value="/Users/qianggao"/>
    <property name="user.language" value="en"/>
    <property name="java.specification.vendor" value="Oracle Corporation"/>
    <property name="java.home" value="/Users/qianggao/Library/Java/JavaVirtualMachines/temurin-1.8.0_322/Contents/Home/jre"/>
    <property name="basedir" value="/Users/qianggao/Desktop/hibernate"/>
    <property name="file.separator" value="/"/>
    <property name="line.separator" value="&#10;"/>
    <property name="java.vm.specification.vendor" value="Oracle Corporation"/>
    <property name="java.specification.name" value="Java Platform API Specification"/>
    <property name="java.awt.graphicsenv" value="sun.awt.CGraphicsEnvironment"/>
    <property name="surefire.real.class.path" value="/Users/qianggao/Desktop/hibernate/target/surefire/surefirebooter676896767055875889.jar"/>
    <property name="sun.boot.class.path" value="/Users/qianggao/Library/Java/JavaVirtualMachines/temurin-1.8.0_322/Contents/Home/jre/lib/resources.jar:/Users/qianggao/Library/Java/JavaVirtualMachines/temurin-1.8.0_322/Contents/Home/jre/lib/rt.jar:/Users/qianggao/Library/Java/JavaVirtualMachines/temurin-1.8.0_322/Contents/Home/jre/lib/sunrsasign.jar:/Users/qianggao/Library/Java/JavaVirtualMachines/temurin-1.8.0_322/Contents/Home/jre/lib/jsse.jar:/Users/qianggao/Library/Java/JavaVirtualMachines/temurin-1.8.0_322/Contents/Home/jre/lib/jce.jar:/Users/qianggao/Library/Java/JavaVirtualMachines/temurin-1.8.0_322/Contents/Home/jre/lib/charsets.jar:/Users/qianggao/Library/Java/JavaVirtualMachines/temurin-1.8.0_322/Contents/Home/jre/lib/jfr.jar:/Users/qianggao/Library/Java/JavaVirtualMachines/temurin-1.8.0_322/Contents/Home/jre/classes"/>
    <property name="sun.management.compiler" value="HotSpot 64-Bit Tiered Compilers"/>
    <property name="ftp.nonProxyHosts" value="local|*.local|169.254/16|*.169.254/16"/>
    <property name="java.runtime.version" value="1.8.0_322-b06"/>
    <property name="user.name" value="qianggao"/>
    <property name="path.separator" value=":"/>
    <property name="os.version" value="10.16"/>
    <property name="java.endorsed.dirs" value="/Users/qianggao/Library/Java/JavaVirtualMachines/temurin-1.8.0_322/Contents/Home/jre/lib/endorsed"/>
    <property name="java.runtime.name" value="OpenJDK Runtime Environment"/>
    <property name="file.encoding" value="UTF-8"/>
    <property name="java.vm.name" value="OpenJDK 64-Bit Server VM"/>
    <property name="localRepository" value="/Users/qianggao/.m2/repository"/>
    <property name="java.vendor.url.bug" value="https://github.com/adoptium/adoptium-support/issues"/>
    <property name="java.io.tmpdir" value="/var/folders/0_/b8jrsh4d70b9fq_jx6q4bs_m0000gn/T/"/>
    <property name="java.version" value="1.8.0_322"/>
    <property name="user.dir" value="/Users/qianggao/Desktop/hibernate"/>
    <property name="os.arch" value="x86_64"/>
    <property name="java.vm.specification.name" value="Java Virtual Machine Specification"/>
    <property name="java.awt.printerjob" value="sun.lwawt.macosx.CPrinterJob"/>
    <property name="sun.os.patch.level" value="unknown"/>
    <property name="java.library.path" value="/Users/qianggao/Library/Java/Extensions:/Library/Java/Extensions:/Network/Library/Java/Extensions:/System/Library/Java/Extensions:/usr/lib/java:."/>
    <property name="java.vm.info" value="mixed mode"/>
    <property name="java.vendor" value="Temurin"/>
    <property name="java.vm.version" value="25.322-b06"/>
    <property name="java.ext.dirs" value="/Users/qianggao/Library/Java/Extensions:/Users/qianggao/Library/Java/JavaVirtualMachines/temurin-1.8.0_322/Contents/Home/jre/lib/ext:/Library/Java/Extensions:/Network/Library/Java/Extensions:/System/Library/Java/Extensions:/usr/lib/java"/>
    <property name="sun.io.unicode.encoding" value="UnicodeBig"/>
    <property name="java.class.version" value="52.0"/>
    <property name="socksNonProxyHosts" value="local|*.local|169.254/16|*.169.254/16"/>
  </properties>
  <testcase name="testAdd" classname="com.webdev.dao.CustomerDaoTest" time="0.074"/>
  <testcase name="testGet" classname="com.webdev.dao.CustomerDaoTest" time="0.001"/>
  <testcase name="testDelete" classname="com.webdev.dao.CustomerDaoTest" time="0.005"/>
  <testcase name="testGetAll" classname="com.webdev.dao.CustomerDaoTest" time="0.005"/>
  <testcase name="testUpdate" classname="com.webdev.dao.CustomerDaoTest" time="0.004"/>
</testsuite>